<testsuite failures="1" name="com/demo/features/updateUser.feature" skipped="0" tests="1" time="0.23279">
  <testcase classname="com.demo.features.updateUser" name="create user and then get the first user by id" time="0.23279">
    <failure message="updateUser.feature:17 - status code was: 404, expected: 200, response time: 122, url: https://gorest.co.in/public/v2/users/801, response: {&quot;message&quot;:&quot;Resource not found&quot;}">* url baseURl ............................................................. passed
* def jsonFiles = Java.type('com.demo.utill.UntillMethods') ............... passed
* def now = function(){ return java.lang.System.currentTimeMillis() } ..... passed
Given path mainURl+'/801' ................................................. passed
* def json = jsonFiles.jsonFile("updateUser.js") .......................... passed
* def name = 'Test-' + now() .............................................. passed
* replace json.userName = name ............................................ passed
And request json .......................................................... passed
* def headValues = { Authorization: 'Bearer 7232803c821bc49a0bd5c56d7df39c5289168e323fb17c5b6b1597d8941e33ef', Content-Type: 'application/json' } . passed
* headers headValues ...................................................... passed
When method patch ......................................................... passed
Then status 200 ........................................................... failed

Stack Trace:
com.intuit.karate.exception.KarateException: updateUser.feature:17 - status code was: 404, expected: 200, response time: 122, url: https://gorest.co.in/public/v2/users/801, response: {"message":"Resource not found"}&#13;
	at âœ½.Then status 200 (updateUser.feature:17)&#13;

And match response.email contains name .................................... skipped
And match response.name == name ........................................... skipped
And match response.gender != 'inactive' ................................... skipped</failure>
  </testcase>
</testsuite>
