<testsuite failures="0" name="com/demo/features/getAllUserDeatils.feature" skipped="0" tests="1" time="0.186754">
  <testcase classname="com.demo.features.getAllUserDeatils" name="create user and then get the first user by id" time="0.186754">
    <system-out>* url baseURl ............................................................. passed
Given path mainURl ........................................................ passed
* param page = '1' ........................................................ passed
* def multiP = { page:'1',name:'lokesh'} .................................. passed
* params multiP ........................................................... passed
* def headValues = { Content-Type: 'application/json' } ................... passed
* headers headValues ...................................................... passed
When method get ........................................................... passed
Then assert responseStatus == 200 ......................................... passed</system-out>
  </testcase>
</testsuite>
